This is pdfTeX, Version 3.14159265-2.6-1.40.21 (TeX Live 2020) (preloaded format=pdflatex 2020.9.16)  6 OCT 2020 16:06
entering extended mode
 restricted \write18 enabled.
 file:line:error style messages enabled.
 %&-line parsing enabled.
**memoria.tex
(./memoria.tex
LaTeX2e <2020-02-02> patch level 5
L3 programming layer <2020-03-06>
(/usr/local/texlive/2020/texmf-dist/tex/latex/base/report.cls
Document Class: report 2019/12/20 v1.4l Standard LaTeX document class
(/usr/local/texlive/2020/texmf-dist/tex/latex/base/size10.clo
File: size10.clo 2019/12/20 v1.4l Standard LaTeX file (size option)
)
\c@part=\count167
\c@chapter=\count168
\c@section=\count169
\c@subsection=\count170
\c@subsubsection=\count171
\c@paragraph=\count172
\c@subparagraph=\count173
\c@figure=\count174
\c@table=\count175
\abovecaptionskip=\skip47
\belowcaptionskip=\skip48
\bibindent=\dimen134
)
(/usr/local/texlive/2020/texmf-dist/tex/latex/base/inputenc.sty
Package: inputenc 2018/08/11 v1.3c Input encoding file
\inpenc@prehook=\toks15
\inpenc@posthook=\toks16
)
(/usr/local/texlive/2020/texmf-dist/tex/latex/graphics/graphicx.sty
Package: graphicx 2019/11/30 v1.2a Enhanced LaTeX Graphics (DPC,SPQR)

(/usr/local/texlive/2020/texmf-dist/tex/latex/graphics/keyval.sty
Package: keyval 2014/10/28 v1.15 key=value parser (DPC)
\KV@toks@=\toks17
)
(/usr/local/texlive/2020/texmf-dist/tex/latex/graphics/graphics.sty
Package: graphics 2019/11/30 v1.4a Standard LaTeX Graphics (DPC,SPQR)

(/usr/local/texlive/2020/texmf-dist/tex/latex/graphics/trig.sty
Package: trig 2016/01/03 v1.10 sin cos tan (DPC)
)
(/usr/local/texlive/2020/texmf-dist/tex/latex/graphics-cfg/graphics.cfg
File: graphics.cfg 2016/06/04 v1.11 sample graphics configuration
)
Package graphics Info: Driver file: pdftex.def on input line 105.

(/usr/local/texlive/2020/texmf-dist/tex/latex/graphics-def/pdftex.def
File: pdftex.def 2018/01/08 v1.0l Graphics/color driver for pdftex
))
\Gin@req@height=\dimen135
\Gin@req@width=\dimen136
)
(/usr/local/texlive/2020/texmf-dist/tex/latex/caption/caption.sty
Package: caption 2020/01/03 v3.4h Customizing captions (AR)

(/usr/local/texlive/2020/texmf-dist/tex/latex/caption/caption3.sty
Package: caption3 2020/01/03 v1.8h caption3 kernel (AR)
Package caption3 Info: TeX engine: e-TeX on input line 61.
\captionmargin=\dimen137
\captionmargin@=\dimen138
\captionwidth=\dimen139
\caption@tempdima=\dimen140
\caption@indent=\dimen141
\caption@parindent=\dimen142
\caption@hangindent=\dimen143
Package caption Info: Standard document class detected.
)
\c@caption@flags=\count176
\c@continuedfloat=\count177
)
(/usr/local/texlive/2020/texmf-dist/tex/latex/caption/subcaption.sty
Package: subcaption 2020/01/22 v1.3d Sub-captions (AR)
\c@subfigure=\count178
\c@subtable=\count179
)
(/usr/local/texlive/2020/texmf-dist/tex/latex/wrapfig/wrapfig.sty
\wrapoverhang=\dimen144
\WF@size=\dimen145
\c@WF@wrappedlines=\count180
\WF@box=\box45
\WF@everypar=\toks18
Package: wrapfig 2003/01/31  v 3.6
)
(/usr/local/texlive/2020/texmf-dist/tex/latex/listings/listings.sty
\lst@mode=\count181
\lst@gtempboxa=\box46
\lst@token=\toks19
\lst@length=\count182
\lst@currlwidth=\dimen146
\lst@column=\count183
\lst@pos=\count184
\lst@lostspace=\dimen147
\lst@width=\dimen148
\lst@newlines=\count185
\lst@lineno=\count186
\lst@maxwidth=\dimen149

(/usr/local/texlive/2020/texmf-dist/tex/latex/listings/lstmisc.sty
File: lstmisc.sty 2020/03/24 1.8d (Carsten Heinz)
\c@lstnumber=\count187
\lst@skipnumbers=\count188
\lst@framebox=\box47
)
(/usr/local/texlive/2020/texmf-dist/tex/latex/listings/listings.cfg
File: listings.cfg 2020/03/24 1.8d listings configuration
))
Package: listings 2020/03/24 1.8d (Carsten Heinz)

(/usr/local/texlive/2020/texmf-dist/tex/generic/babel/babel.sty
Package: babel 2020/03/22 3.42 The Babel package

(/usr/local/texlive/2020/texmf-dist/tex/generic/babel/switch.def
File: switch.def 2020/03/22 3.42 Babel switching mechanism
)
(/usr/local/texlive/2020/texmf-dist/tex/generic/babel-spanish/spanish.ldf
Language: spanish.ldf 2016/03/03 v5.0p Spanish support from the babel system

(/usr/local/texlive/2020/texmf-dist/tex/generic/babel/babel.def
File: babel.def 2020/03/22 3.42 Babel common definitions
\babel@savecnt=\count189
\U@D=\dimen150

(/usr/local/texlive/2020/texmf-dist/tex/generic/babel/txtbabel.def)
\bbl@readstream=\read2
\bbl@dirlevel=\count190
)
\es@quottoks=\toks20
\es@quotdepth=\count191
Package babel Info: Making " an active character on input line 561.
Package babel Info: Making . an active character on input line 662.
Package babel Info: Making < an active character on input line 707.
Package babel Info: Making > an active character on input line 707.
))
(/usr/local/texlive/2020/texmf-dist/tex/latex/hyperref/hyperref.sty
Package: hyperref 2020/01/14 v7.00d Hypertext links for LaTeX

(/usr/local/texlive/2020/texmf-dist/tex/generic/ltxcmds/ltxcmds.sty
Package: ltxcmds 2019/12/15 v1.24 LaTeX kernel commands for general use (HO)
)
(/usr/local/texlive/2020/texmf-dist/tex/generic/iftex/iftex.sty
Package: iftex 2020/03/06 v1.0d TeX engine tests
)
(/usr/local/texlive/2020/texmf-dist/tex/latex/pdftexcmds/pdftexcmds.sty
Package: pdftexcmds 2019/11/24 v0.31 Utility functions of pdfTeX for LuaTeX (HO
)

(/usr/local/texlive/2020/texmf-dist/tex/generic/infwarerr/infwarerr.sty
Package: infwarerr 2019/12/03 v1.5 Providing info/warning/error messages (HO)
)
Package pdftexcmds Info: \pdf@primitive is available.
Package pdftexcmds Info: \pdf@ifprimitive is available.
Package pdftexcmds Info: \pdfdraftmode found.
)
(/usr/local/texlive/2020/texmf-dist/tex/generic/kvsetkeys/kvsetkeys.sty
Package: kvsetkeys 2019/12/15 v1.18 Key value parser (HO)
)
(/usr/local/texlive/2020/texmf-dist/tex/generic/kvdefinekeys/kvdefinekeys.sty
Package: kvdefinekeys 2019-12-19 v1.6 Define keys (HO)
)
(/usr/local/texlive/2020/texmf-dist/tex/generic/pdfescape/pdfescape.sty
Package: pdfescape 2019/12/09 v1.15 Implements pdfTeX's escape features (HO)
)
(/usr/local/texlive/2020/texmf-dist/tex/latex/hycolor/hycolor.sty
Package: hycolor 2020-01-27 v1.10 Color options for hyperref/bookmark (HO)
)
(/usr/local/texlive/2020/texmf-dist/tex/latex/letltxmacro/letltxmacro.sty
Package: letltxmacro 2019/12/03 v1.6 Let assignment for LaTeX macros (HO)
)
(/usr/local/texlive/2020/texmf-dist/tex/latex/auxhook/auxhook.sty
Package: auxhook 2019-12-17 v1.6 Hooks for auxiliary files (HO)
)
(/usr/local/texlive/2020/texmf-dist/tex/latex/kvoptions/kvoptions.sty
Package: kvoptions 2019/11/29 v3.13 Key value format for package options (HO)
)
\@linkdim=\dimen151
\Hy@linkcounter=\count192
\Hy@pagecounter=\count193

(/usr/local/texlive/2020/texmf-dist/tex/latex/hyperref/pd1enc.def
File: pd1enc.def 2020/01/14 v7.00d Hyperref: PDFDocEncoding definition (HO)
Now handling font encoding PD1 ...
... no UTF-8 mapping file for font encoding PD1
)
(/usr/local/texlive/2020/texmf-dist/tex/generic/intcalc/intcalc.sty
Package: intcalc 2019/12/15 v1.3 Expandable calculations with integers (HO)
)
(/usr/local/texlive/2020/texmf-dist/tex/generic/etexcmds/etexcmds.sty
Package: etexcmds 2019/12/15 v1.7 Avoid name clashes with e-TeX commands (HO)
)
\Hy@SavedSpaceFactor=\count194
Package hyperref Info: Hyper figures OFF on input line 4547.
Package hyperref Info: Link nesting OFF on input line 4552.
Package hyperref Info: Hyper index ON on input line 4555.
Package hyperref Info: Plain pages OFF on input line 4562.
Package hyperref Info: Backreferencing OFF on input line 4567.
Package hyperref Info: Implicit mode ON; LaTeX internals redefined.
Package hyperref Info: Bookmarks ON on input line 4800.
\c@Hy@tempcnt=\count195

(/usr/local/texlive/2020/texmf-dist/tex/latex/url/url.sty
\Urlmuskip=\muskip16
Package: url 2013/09/16  ver 3.4  Verb mode for urls, etc.
)
LaTeX Info: Redefining \url on input line 5159.
\XeTeXLinkMargin=\dimen152

(/usr/local/texlive/2020/texmf-dist/tex/generic/bitset/bitset.sty
Package: bitset 2019/12/09 v1.3 Handle bit-vector datatype (HO)

(/usr/local/texlive/2020/texmf-dist/tex/generic/bigintcalc/bigintcalc.sty
Package: bigintcalc 2019/12/15 v1.5 Expandable calculations on big integers (HO
)
))
\Fld@menulength=\count196
\Field@Width=\dimen153
\Fld@charsize=\dimen154
Package hyperref Info: Hyper figures OFF on input line 6430.
Package hyperref Info: Link nesting OFF on input line 6435.
Package hyperref Info: Hyper index ON on input line 6438.
Package hyperref Info: backreferencing OFF on input line 6445.
Package hyperref Info: Link coloring OFF on input line 6450.
Package hyperref Info: Link coloring with OCG OFF on input line 6455.
Package hyperref Info: PDF/A mode OFF on input line 6460.
LaTeX Info: Redefining \ref on input line 6500.
LaTeX Info: Redefining \pageref on input line 6504.

(/usr/local/texlive/2020/texmf-dist/tex/generic/atbegshi/atbegshi.sty
Package: atbegshi 2019/12/05 v1.19 At begin shipout hook (HO)
)
\Hy@abspage=\count197
\c@Item=\count198
\c@Hfootnote=\count199
)
Package hyperref Info: Driver (autodetected): hpdftex.

(/usr/local/texlive/2020/texmf-dist/tex/latex/hyperref/hpdftex.def
File: hpdftex.def 2020/01/14 v7.00d Hyperref driver for pdfTeX

(/usr/local/texlive/2020/texmf-dist/tex/latex/atveryend/atveryend.sty
Package: atveryend 2019-12-11 v1.11 Hooks at the very end of document (HO)
Package atveryend Info: \enddocument detected (standard20110627).
)
\Fld@listcount=\count266
\c@bookmark@seq@number=\count267

(/usr/local/texlive/2020/texmf-dist/tex/latex/rerunfilecheck/rerunfilecheck.sty
Package: rerunfilecheck 2019/12/05 v1.9 Rerun checks for auxiliary files (HO)

(/usr/local/texlive/2020/texmf-dist/tex/generic/uniquecounter/uniquecounter.sty
Package: uniquecounter 2019/12/15 v1.4 Provide unlimited unique counter (HO)
)
Package uniquecounter Info: New unique counter `rerunfilecheck' on input line 2
86.
)
\Hy@SectionHShift=\skip49
)
(/usr/local/texlive/2020/texmf-dist/tex/latex/l3backend/l3backend-pdfmode.def
File: l3backend-pdfmode.def 2020-03-12 L3 backend support: PDF mode
\l__kernel_color_stack_int=\count268
\l__pdf_internal_box=\box48
)
(./memoria.aux
LaTeX Info: Redefining \. on input line 24.
LaTeX Info: Redefining \% on input line 24.


LaTeX Warning: Label `Arquitectura Django' multiply defined.


LaTeX Warning: Label `Comandos para ejecución del envío en MacOS' multiply de
fined.

)
\openout1 = `memoria.aux'.

LaTeX Font Info:    Checking defaults for OML/cmm/m/it on input line 19.
LaTeX Font Info:    ... okay on input line 19.
LaTeX Font Info:    Checking defaults for OMS/cmsy/m/n on input line 19.
LaTeX Font Info:    ... okay on input line 19.
LaTeX Font Info:    Checking defaults for OT1/cmr/m/n on input line 19.
LaTeX Font Info:    ... okay on input line 19.
LaTeX Font Info:    Checking defaults for T1/cmr/m/n on input line 19.
LaTeX Font Info:    ... okay on input line 19.
LaTeX Font Info:    Checking defaults for TS1/cmr/m/n on input line 19.
LaTeX Font Info:    ... okay on input line 19.
LaTeX Font Info:    Checking defaults for OMX/cmex/m/n on input line 19.
LaTeX Font Info:    ... okay on input line 19.
LaTeX Font Info:    Checking defaults for U/cmr/m/n on input line 19.
LaTeX Font Info:    ... okay on input line 19.
LaTeX Font Info:    Checking defaults for PD1/pdf/m/n on input line 19.
LaTeX Font Info:    ... okay on input line 19.
 (/usr/local/texlive/2020/texmf-dist/tex/context/base/mkii/supp-pdf.mkii
[Loading MPS to PDF converter (version 2006.09.02).]
\scratchcounter=\count269
\scratchdimen=\dimen155
\scratchbox=\box49
\nofMPsegments=\count270
\nofMParguments=\count271
\everyMPshowfont=\toks21
\MPscratchCnt=\count272
\MPscratchDim=\dimen156
\MPnumerator=\count273
\makeMPintoPDFobject=\count274
\everyMPtoPDFconversion=\toks22
) (/usr/local/texlive/2020/texmf-dist/tex/latex/epstopdf-pkg/epstopdf-base.sty
Package: epstopdf-base 2020-01-24 v2.11 Base part for package epstopdf
Package epstopdf-base Info: Redefining graphics rule for `.eps' on input line 4
85.

(/usr/local/texlive/2020/texmf-dist/tex/latex/latexconfig/epstopdf-sys.cfg
File: epstopdf-sys.cfg 2010/07/13 v1.3 Configuration of (r)epstopdf for TeX Liv
e
))
Package caption Info: Begin \AtBeginDocument code.
Package caption Info: hyperref package is loaded.
Package caption Info: listings package is loaded.
Package caption Info: wrapfig package is loaded.
Package caption Info: End \AtBeginDocument code.
\c@lstlisting=\count275
LaTeX Info: Redefining \. on input line 19.
LaTeX Info: Redefining \% on input line 19.
\AtBeginShipoutBox=\box50
Package hyperref Info: Link coloring OFF on input line 19.

(/usr/local/texlive/2020/texmf-dist/tex/latex/hyperref/nameref.sty
Package: nameref 2019/09/16 v2.46 Cross-referencing by name of section

(/usr/local/texlive/2020/texmf-dist/tex/latex/refcount/refcount.sty
Package: refcount 2019/12/15 v3.6 Data extraction from label references (HO)
)
(/usr/local/texlive/2020/texmf-dist/tex/generic/gettitlestring/gettitlestring.s
ty
Package: gettitlestring 2019/12/15 v1.6 Cleanup title references (HO)
)
\c@section@level=\count276
)
LaTeX Info: Redefining \ref on input line 19.
LaTeX Info: Redefining \pageref on input line 19.
LaTeX Info: Redefining \nameref on input line 19.
 (./memoria.out) (./memoria.out)
\@outlinefile=\write3
\openout3 = `memoria.out'.

<images/urjc_logo.png, id=269, 365.365pt x 138.5175pt>
File: images/urjc_logo.png Graphic file (type png)
<use images/urjc_logo.png>
Package pdftex.def Info: images/urjc_logo.png  used on input line 24.
(pdftex.def)             Requested size: 182.68205pt x 69.25858pt.
 [1

{/usr/local/texlive/2020/texmf-var/fonts/map/pdftex/updmap/pdftex.map} <./image
s/urjc_logo.png>]pdfTeX warning (ext4): destination with the same identifier (n
ame{page.1}) has been already used, duplicate ignored
<to be read again> 
                   \relax 
l.50 \end{abstract}
                    [1] (./memoria.toc
LaTeX Info: Redefining \. on input line 1.
LaTeX Info: Redefining \% on input line 1.
LaTeX Font Info:    External font `cmex10' loaded for size
(Font)              <7> on input line 3.
LaTeX Font Info:    External font `cmex10' loaded for size
(Font)              <5> on input line 3.
pdfTeX warning (ext4): destination with the same identifier (name{page.1}) has 
been already used, duplicate ignored
<to be read again> 
                   \relax 
l.34 ...ompilación cruzada}{33}{subsection.4.4.3}
                                                  % [1

])
\tf@toc=\write4
\openout4 = `memoria.toc'.

 [2] (./memoria.lof
LaTeX Info: Redefining \. on input line 1.
LaTeX Info: Redefining \% on input line 1.

[3


])
\tf@lof=\write5
\openout5 = `memoria.lof'.

 [4] (./memoria.lol)
\tf@lol=\write6
\openout6 = `memoria.lol'.

 [5

]
Capítulo 1.

Underfull \hbox (badness 10000) in paragraph at lines 79--86

 []


Underfull \hbox (badness 10000) in paragraph at lines 79--86

 []

<images/robot.png, id=510, 596.2275pt x 639.38875pt>
File: images/robot.png Graphic file (type png)
<use images/robot.png>
Package pdftex.def Info: images/robot.png  used on input line 98.
(pdftex.def)             Requested size: 170.71393pt x 183.06671pt.
[6

]
LaTeX Font Info:    Trying to load font information for U+lasy on input line 11
7.
 (/usr/local/texlive/2020/texmf-dist/tex/latex/base/ulasy.fd
File: ulasy.fd 1998/08/17 v2.2e LaTeX symbol font definitions
)
<images/tipos_robot.png, id=516, 935.495pt x 650.43pt>
File: images/tipos_robot.png Graphic file (type png)
<use images/tipos_robot.png>
Package pdftex.def Info: images/tipos_robot.png  used on input line 121.
(pdftex.def)             Requested size: 170.71393pt x 118.69008pt.
<images/sistema_robotico_davinci.png, id=517, 742.775pt x 476.78125pt>
File: images/sistema_robotico_davinci.png Graphic file (type png)
<use images/sistema_robotico_davinci.png>
Package pdftex.def Info: images/sistema_robotico_davinci.png  used on input lin
e 133.
(pdftex.def)             Requested size: 170.71393pt x 109.57735pt.
<images/perseverance.png, id=518, 770.88pt x 578.16pt>
File: images/perseverance.png Graphic file (type png)
<use images/perseverance.png>
Package pdftex.def Info: images/perseverance.png  used on input line 142.
(pdftex.def)             Requested size: 170.71393pt x 128.03368pt.

Underfull \hbox (badness 10000) in paragraph at lines 117--146

 []

[7 <./images/robot.png>]

LaTeX Warning: `!h' float specifier changed to `!ht'.


LaTeX Warning: `!h' float specifier changed to `!ht'.

<images/metodologia.png, id=525, 105.12pt x 105.12pt>
File: images/metodologia.png Graphic file (type png)
<use images/metodologia.png>
Package pdftex.def Info: images/metodologia.png  used on input line 163.
(pdftex.def)             Requested size: 128.0387pt x 128.05049pt.
<images/educacion_stem.png, id=526, 722.7pt x 542.025pt>
File: images/educacion_stem.png Graphic file (type png)
<use images/educacion_stem.png>
Package pdftex.def Info: images/educacion_stem.png  used on input line 172.
(pdftex.def)             Requested size: 213.39566pt x 160.04485pt.
<images/logo_scratch.png, id=527, 511.9125pt x 268.00125pt>
File: images/logo_scratch.png Graphic file (type png)
<use images/logo_scratch.png>
Package pdftex.def Info: images/logo_scratch.png  used on input line 184.
(pdftex.def)             Requested size: 128.0387pt x 67.02876pt.

Underfull \hbox (badness 10000) in paragraph at lines 150--190

 []


Underfull \hbox (badness 10000) in paragraph at lines 150--190

 []


Underfull \hbox (badness 10000) in paragraph at lines 150--190

 []


Underfull \hbox (badness 10000) in paragraph at lines 150--190

 []

[8 <./images/tipos_robot.png>] [9 <./images/sistema_robotico_davinci.png> <./im
ages/perseverance.png>]

LaTeX Warning: `!h' float specifier changed to `!ht'.

[10 <./images/metodologia.png>] [11 <./images/educacion_stem.png> <./images/log
o_scratch.png>]
<images/kits_robotica.png, id=548, 440.64626pt x 242.9075pt>
File: images/kits_robotica.png Graphic file (type png)
<use images/kits_robotica.png>
Package pdftex.def Info: images/kits_robotica.png  used on input line 201.
(pdftex.def)             Requested size: 298.75262pt x 164.69305pt.

Underfull \hbox (badness 10000) in paragraph at lines 206--210

 []

LaTeX Font Info:    External font `cmex10' loaded for size
(Font)              <8> on input line 223.
LaTeX Font Info:    External font `cmex10' loaded for size
(Font)              <6> on input line 223.
<images/pibot.png, id=553, 853.1875pt x 640.3925pt>
File: images/pibot.png Graphic file (type png)
<use images/pibot.png>
Package pdftex.def Info: images/pibot.png  used on input line 231.
(pdftex.def)             Requested size: 170.71393pt x 128.13486pt.
<images/kibotics_blockly.png, id=554, 921.4425pt x 414.54875pt>
File: images/kibotics_blockly.png Graphic file (type png)
<use images/kibotics_blockly.png>
Package pdftex.def Info: images/kibotics_blockly.png  used on input line 240.
(pdftex.def)             Requested size: 426.79134pt x 192.0041pt.
<images/kibotics_python.png, id=557, 1325.95375pt x 672.5125pt>
File: images/kibotics_python.png Graphic file (type png)
<use images/kibotics_python.png>
Package pdftex.def Info: images/kibotics_python.png  used on input line 249.
(pdftex.def)             Requested size: 426.79134pt x 216.46031pt.

Underfull \hbox (badness 10000) in paragraph at lines 223--254

 []


Underfull \hbox (badness 10000) in paragraph at lines 223--254

 []

[12 <./images/kits_robotica.png>]

LaTeX Warning: `!h' float specifier changed to `!ht'.


LaTeX Warning: `!h' float specifier changed to `!ht'.

[13 <./images/pibot.png>] [14 <./images/kibotics_blockly.png> <./images/kibotic
s_python.png>]
Capítulo 2.

Underfull \hbox (badness 10000) in paragraph at lines 267--271

 []


Underfull \hbox (badness 10000) in paragraph at lines 276--280

 []

[15

]
<images/metodologia_interativa.png, id=583, 671.50874pt x 435.6275pt>
File: images/metodologia_interativa.png Graphic file (type png)
<use images/metodologia_interativa.png>
Package pdftex.def Info: images/metodologia_interativa.png  used on input line 
296.
(pdftex.def)             Requested size: 213.39566pt x 138.43317pt.
<images/blog.png, id=586, 1201.48875pt x 673.51625pt>
File: images/blog.png Graphic file (type png)
<use images/blog.png>
Package pdftex.def Info: images/blog.png  used on input line 308.
(pdftex.def)             Requested size: 426.79134pt x 239.24895pt.

Underfull \hbox (badness 10000) in paragraph at lines 292--312

 []

[16 <./images/metodologia_interativa.png>] [17 <./images/blog.png>] [18]
Capítulo 3.

Underfull \hbox (badness 10000) in paragraph at lines 338--342

 []


Underfull \hbox (badness 10000) in paragraph at lines 345--353

 []


Underfull \hbox (badness 10000) in paragraph at lines 345--353

 []


Underfull \hbox (badness 10000) in paragraph at lines 345--353

 []

[19

]
LaTeX Font Info:    Trying to load font information for OML+cmr on input line 3
54.
 (/usr/local/texlive/2020/texmf-dist/tex/latex/base/omlcmr.fd
File: omlcmr.fd 2019/12/16 v2.5j Standard LaTeX font definitions
)
LaTeX Font Info:    Font shape `OML/cmr/m/n' in size <10> not available
(Font)              Font shape `OML/cmm/m/it' tried instead on input line 354.

Underfull \hbox (badness 10000) in paragraph at lines 369--373

 []

<images/bootstrap.png, id=608, 376.40625pt x 150.1861pt>
File: images/bootstrap.png Graphic file (type png)
<use images/bootstrap.png>
Package pdftex.def Info: images/bootstrap.png  used on input line 383.
(pdftex.def)             Requested size: 213.39566pt x 85.14633pt.

Underfull \hbox (badness 10000) in paragraph at lines 376--387

 []

[20]
Underfull \hbox (badness 10000) in paragraph at lines 390--394

 []

<images/django.png, id=625, 730.73pt x 548.0475pt>
File: images/django.png Graphic file (type png)
<use images/django.png>
Package pdftex.def Info: images/django.png  used on input line 403.
(pdftex.def)             Requested size: 256.0774pt x 192.05365pt.

LaTeX Warning: `!h' float specifier changed to `!ht'.

<images/flask.png, id=626, 439.6425pt x 245.91875pt>
File: images/flask.png Graphic file (type png)
<use images/flask.png>
Package pdftex.def Info: images/flask.png  used on input line 416.
(pdftex.def)             Requested size: 170.71393pt x 95.48764pt.

Underfull \hbox (badness 10000) in paragraph at lines 410--420

 []

[21 <./images/bootstrap.png>]
Underfull \hbox (badness 10000) in paragraph at lines 423--427

 []

[22 <./images/django.png> <./images/flask.png (PNG copy)>]
Underfull \hbox (badness 10000) in paragraph at lines 430--432

 []

<images/mcore.png, id=635, 513.92pt x 451.6875pt>
File: images/mcore.png Graphic file (type png)
<use images/mcore.png>
Package pdftex.def Info: images/mcore.png  used on input line 442.
(pdftex.def)             Requested size: 213.39566pt x 187.55708pt.
<images/carga_mcore.png, id=636, 1355.0625pt x 595.22375pt>
File: images/carga_mcore.png Graphic file (type png)
<use images/carga_mcore.png>
Package pdftex.def Info: images/carga_mcore.png  used on input line 454.
(pdftex.def)             Requested size: 426.79134pt x 187.46922pt.

Underfull \hbox (badness 10000) in paragraph at lines 438--458

 []


LaTeX Warning: `!h' float specifier changed to `!ht'.


LaTeX Warning: `!h' float specifier changed to `!ht'.

<images/hardware_RaspberryPi.png, id=637, 1906.12125pt x 1007.765pt>
File: images/hardware_RaspberryPi.png Graphic file (type png)
<use images/hardware_RaspberryPi.png>
Package pdftex.def Info: images/hardware_RaspberryPi.png  used on input line 47
4.
(pdftex.def)             Requested size: 426.79134pt x 225.64555pt.

Underfull \hbox (badness 10000) in paragraph at lines 461--478

 []


Underfull \hbox (badness 10000) in paragraph at lines 461--478

 []


Underfull \hbox (badness 10000) in paragraph at lines 461--478

 []

[23] [24 <./images/mcore.png> <./images/carga_mcore.png>] [25 <./images/hardwar
e_RaspberryPi.png>]
Capítulo 4.
<images/mbot_partes.png, id=656, 264.5082pt x 130.086pt>
File: images/mbot_partes.png Graphic file (type png)
<use images/mbot_partes.png>
Package pdftex.def Info: images/mbot_partes.png  used on input line 508.
(pdftex.def)             Requested size: 256.0774pt x 125.94307pt.
<images/software_mBlock.png, id=657, 341.1144pt x 172.4844pt>
File: images/software_mBlock.png Graphic file (type png)
<use images/software_mBlock.png>
Package pdftex.def Info: images/software_mBlock.png  used on input line 517.
(pdftex.def)             Requested size: 426.79134pt x 215.81815pt.

Underfull \hbox (badness 10000) in paragraph at lines 502--521

 []


LaTeX Warning: `!h' float specifier changed to `!ht'.


LaTeX Warning: `!h' float specifier changed to `!ht'.

<images/infraestructura_mbot.png, id=658, 749.04843pt x 371.88937pt>
File: images/infraestructura_mbot.png Graphic file (type png)
<use images/infraestructura_mbot.png>
Package pdftex.def Info: images/infraestructura_mbot.png  used on input line 53
1.
(pdftex.def)             Requested size: 426.79134pt x 211.89401pt.

Underfull \hbox (badness 10000) in paragraph at lines 524--537

 []

[26

]

LaTeX Warning: `!h' float specifier changed to `!ht'.

[27 <./images/mbot_partes.png> <./images/software_mBlock.png>]
<images/editor_mbot.png, id=669, 1345.025pt x 496.85625pt>
File: images/editor_mbot.png Graphic file (type png)
<use images/editor_mbot.png>
Package pdftex.def Info: images/editor_mbot.png  used on input line 548.
(pdftex.def)             Requested size: 426.79134pt x 157.65533pt.

Underfull \hbox (badness 10000) in paragraph at lines 544--553

 []


LaTeX Warning: `!h' float specifier changed to `!ht'.


Underfull \hbox (badness 10000) in paragraph at lines 556--562

 []


Underfull \hbox (badness 10000) in paragraph at lines 556--562

 []

[28 <./images/infraestructura_mbot.png>]

Package Listings Warning: Text dropped after begin of listing on input line 562
.

LaTeX Font Info:    Trying to load font information for OMS+cmr on input line 5
66.
(/usr/local/texlive/2020/texmf-dist/tex/latex/base/omscmr.fd
File: omscmr.fd 2019/12/16 v2.5j Standard LaTeX font definitions
)
LaTeX Font Info:    Font shape `OMS/cmr/m/n' in size <10> not available
(Font)              Font shape `OMS/cmsy/m/n' tried instead on input line 566.
 [29 <./images/editor_mbot.png>]
Underfull \hbox (badness 10000) in paragraph at lines 602--604

 []


Underfull \hbox (badness 10000) in paragraph at lines 619--621

 []


Underfull \hbox (badness 10000) in paragraph at lines 627--632

 []


Underfull \hbox (badness 10000) in paragraph at lines 627--632

 []

[30]
Underfull \hbox (badness 10000) in paragraph at lines 657--659

 []

[31]
Underfull \hbox (badness 10000) in paragraph at lines 710--712

 []

[32]
Underfull \hbox (badness 10000) in paragraph at lines 722--724

 []


Underfull \hbox (badness 10000) in paragraph at lines 744--746

 []

[33]
Underfull \hbox (badness 10000) in paragraph at lines 764--766

 []


Underfull \hbox (badness 10000) in paragraph at lines 777--790

 []


Underfull \hbox (badness 10000) in paragraph at lines 777--790

 []


Underfull \hbox (badness 10000) in paragraph at lines 777--790

 []


Underfull \hbox (badness 10000) in paragraph at lines 777--790

 []

[34]
LaTeX Font Info:    Font shape `OT1/cmtt/bx/n' in size <10> not available
(Font)              Font shape `OT1/cmtt/m/n' tried instead on input line 791.
<images/fotogramas_mbot.png, id=847, 476.5002pt x 264.99pt>
File: images/fotogramas_mbot.png Graphic file (type png)
<use images/fotogramas_mbot.png>
Package pdftex.def Info: images/fotogramas_mbot.png  used on input line 799.
(pdftex.def)             Requested size: 426.79134pt x 237.36067pt.


LaTeX Warning: `!h' float specifier changed to `!ht'.

[35] [36 <./images/fotogramas_mbot.png>]
Capítulo 5.
<images/partes_dron_tello.png, id=861, 645.41125pt x 348.30125pt>
File: images/partes_dron_tello.png Graphic file (type png)
<use images/partes_dron_tello.png>
Package pdftex.def Info: images/partes_dron_tello.png  used on input line 824.
(pdftex.def)             Requested size: 320.09349pt x 172.7418pt.

Underfull \hbox (badness 10000) in paragraph at lines 820--833

 []


LaTeX Warning: `!h' float specifier changed to `!ht'.

[37

]
<images/software_tello_ide.png, id=867, 725.71124pt x 455.7025pt>
File: images/software_tello_ide.png Graphic file (type png)
<use images/software_tello_ide.png>
Package pdftex.def Info: images/software_tello_ide.png  used on input line 840.

(pdftex.def)             Requested size: 341.43436pt x 214.40271pt.
<images/infraestructura_tello.png, id=868, 749.04843pt x 360.59718pt>
File: images/infraestructura_tello.png Graphic file (type png)
<use images/infraestructura_tello.png>
Package pdftex.def Info: images/infraestructura_tello.png  used on input line 8
54.
(pdftex.def)             Requested size: 426.79134pt x 205.45999pt.

Underfull \hbox (badness 10000) in paragraph at lines 847--860

 []

[38 <./images/partes_dron_tello.png> <./images/software_tello_ide.png>]
Underfull \hbox (badness 10000) in paragraph at lines 868--870

 []

[39 <./images/infraestructura_tello.png>]
<images/editor_tello.png, id=881, 1074.0125pt x 516.93124pt>
File: images/editor_tello.png Graphic file (type png)
<use images/editor_tello.png>
Package pdftex.def Info: images/editor_tello.png  used on input line 914.
(pdftex.def)             Requested size: 384.10959pt x 184.8725pt.

Underfull \hbox (badness 10000) in paragraph at lines 907--918

 []

[40]
Underfull \hbox (badness 10000) in paragraph at lines 922--927

 []


Underfull \hbox (badness 10000) in paragraph at lines 922--927

 []

[41 <./images/editor_tello.png>]
Underfull \hbox (badness 10000) in paragraph at lines 946--948

 []

[42]
<images/seleccionar_wifi_tello.png, id=968, 432.61626pt x 460.72125pt>
File: images/seleccionar_wifi_tello.png Graphic file (type png)
<use images/seleccionar_wifi_tello.png>
Package pdftex.def Info: images/seleccionar_wifi_tello.png  used on input line 
984.
(pdftex.def)             Requested size: 170.71393pt x 181.80363pt.

Underfull \hbox (badness 10000) in paragraph at lines 998--1000

 []

[43 <./images/seleccionar_wifi_tello.png>]
<images/descarga_windows_tello.png, id=976, 1188.44pt x 660.4675pt>
File: images/descarga_windows_tello.png Graphic file (type png)
<use images/descarga_windows_tello.png>
Package pdftex.def Info: images/descarga_windows_tello.png  used on input line 
1012.
(pdftex.def)             Requested size: 426.79134pt x 237.1836pt.

Underfull \hbox (badness 10000) in paragraph at lines 1022--1024

 []

[44 <./images/descarga_windows_tello.png>]
Underfull \hbox (badness 10000) in paragraph at lines 1035--1039

 []


Underfull \hbox (badness 10000) in paragraph at lines 1042--1044

 []


Underfull \hbox (badness 10000) in paragraph at lines 1055--1057

 []

[45]
Underfull \hbox (badness 10000) in paragraph at lines 1069--1071

 []


Underfull \hbox (badness 10000) in paragraph at lines 1087--1089

 []

[46]
Underfull \hbox (badness 10000) in paragraph at lines 1117--1133

 []


Underfull \hbox (badness 10000) in paragraph at lines 1117--1133

 []


Underfull \hbox (badness 10000) in paragraph at lines 1117--1133

 []


Underfull \hbox (badness 10000) in paragraph at lines 1117--1133

 []


Overfull \hbox (7.51123pt too wide) in paragraph at lines 1117--1133
\OT1/cmtt/m/n/10 MacOS Mojave Versi^^Son 10.14.6\OT1/cmr/m/n/10 ) y na-ve-ga-do
-res (\OT1/cmtt/m/n/10 Safari Versi^^Son 14.0\OT1/cmr/m/n/10 , \OT1/cmtt/m/n/10
 Google Chrome Versi^^Son
 []


Underfull \hbox (badness 10000) in paragraph at lines 1117--1133

 []

[47]
<images/fotogramas_tello.png, id=1047, 535.7616pt x 297.7524pt>
File: images/fotogramas_tello.png Graphic file (type png)
<use images/fotogramas_tello.png>
Package pdftex.def Info: images/fotogramas_tello.png  used on input line 1141.
(pdftex.def)             Requested size: 426.79134pt x 237.19362pt.


LaTeX Warning: `!h' float specifier changed to `!ht'.

[48] [49 <./images/fotogramas_tello.png>]
Capítulo 6.
<images/partes_GoPiGo.png, id=1059, 1284.8pt x 722.7pt>
File: images/partes_GoPiGo.png Graphic file (type png)
<use images/partes_GoPiGo.png>
Package pdftex.def Info: images/partes_GoPiGo.png  used on input line 1161.
(pdftex.def)             Requested size: 341.43436pt x 192.05493pt.
<images/software_GoPiGo.png, id=1060, 700.86844pt x 404.26031pt>
File: images/software_GoPiGo.png Graphic file (type png)
<use images/software_GoPiGo.png>
Package pdftex.def Info: images/software_GoPiGo.png  used on input line 1173.
(pdftex.def)             Requested size: 256.0774pt x 147.70491pt.
<images/editor_bloxter.png, id=1061, 1003.75pt x 462.72874pt>
File: images/editor_bloxter.png Graphic file (type png)
<use images/editor_bloxter.png>
Package pdftex.def Info: images/editor_bloxter.png  used on input line 1182.
(pdftex.def)             Requested size: 256.0774pt x 118.05428pt.

Underfull \hbox (badness 10000) in paragraph at lines 1157--1186

 []

[50

 <./images/partes_GoPiGo.png>]

LaTeX Warning: `!h' float specifier changed to `!ht'.

<images/arquitectura_GoPiGo.png, id=1067, 708.39656pt x 479.54156pt>
File: images/arquitectura_GoPiGo.png Graphic file (type png)
<use images/arquitectura_GoPiGo.png>
Package pdftex.def Info: images/arquitectura_GoPiGo.png  used on input line 119
3.
(pdftex.def)             Requested size: 341.43436pt x 231.13588pt.
[51 <./images/software_GoPiGo.png>] [52 <./images/editor_bloxter.png> <./images
/arquitectura_GoPiGo.png>]
Underfull \hbox (badness 10000) in paragraph at lines 1202--1207

 []


Underfull \hbox (badness 10000) in paragraph at lines 1202--1207

 []

[53]
<images/editor_gopigo3.png, id=1108, 1033.8625pt x 533.995pt>
File: images/editor_gopigo3.png Graphic file (type png)
<use images/editor_gopigo3.png>
Package pdftex.def Info: images/editor_gopigo3.png  used on input line 1281.
(pdftex.def)             Requested size: 426.79134pt x 220.43861pt.

Underfull \hbox (badness 10000) in paragraph at lines 1277--1286

 []

[54]
Underfull \hbox (badness 10000) in paragraph at lines 1289--1291

 []

[55 <./images/editor_gopigo3.png>]
Underfull \hbox (badness 10000) in paragraph at lines 1305--1307

 []

[56]
Underfull \hbox (badness 10000) in paragraph at lines 1342--1346

 []


Underfull \hbox (badness 10000) in paragraph at lines 1349--1353

 []


Underfull \hbox (badness 10000) in paragraph at lines 1359--1363

 []


Underfull \hbox (badness 10000) in paragraph at lines 1363--1371

 []


Underfull \hbox (badness 10000) in paragraph at lines 1363--1371

 []


Underfull \hbox (badness 10000) in paragraph at lines 1363--1371

 []

[57] [58]
Underfull \hbox (badness 10000) in paragraph at lines 1427--1437

 []


Underfull \hbox (badness 10000) in paragraph at lines 1427--1437

 []


Underfull \hbox (badness 10000) in paragraph at lines 1427--1437

 []


Underfull \hbox (badness 10000) in paragraph at lines 1447--1449

 []

[59]
Underfull \hbox (badness 10000) in paragraph at lines 1460--1468

 []


Underfull \hbox (badness 10000) in paragraph at lines 1460--1468

 []


Underfull \hbox (badness 10000) in paragraph at lines 1460--1468

 []


Underfull \hbox (badness 10000) in paragraph at lines 1490--1503

 []


Underfull \hbox (badness 10000) in paragraph at lines 1490--1503

 []


Underfull \hbox (badness 10000) in paragraph at lines 1490--1503

 []


Underfull \hbox (badness 10000) in paragraph at lines 1490--1503

 []

[60]
<images/fotograma_ejercicio_GoPiGo.png, id=1307, 562.7424pt x 168.63pt>
File: images/fotograma_ejercicio_GoPiGo.png Graphic file (type png)
<use images/fotograma_ejercicio_GoPiGo.png>
Package pdftex.def Info: images/fotograma_ejercicio_GoPiGo.png  used on input l
ine 1511.
(pdftex.def)             Requested size: 426.79134pt x 127.8951pt.


LaTeX Warning: `!h' float specifier changed to `!ht'.

[61] [62 <./images/fotograma_ejercicio_GoPiGo.png>]
Capítulo 7.

Package hyperref Warning: Difference (2) between bookmark levels is greater 
(hyperref)                than one, level fixed on input line 1524.


Underfull \hbox (badness 10000) in paragraph at lines 1526--1530

 []

[63

]
Underfull \hbox (badness 10000) in paragraph at lines 1549--1556

 []


Underfull \hbox (badness 10000) in paragraph at lines 1549--1556

 []

[64]
Capítulo 8.

Underfull \hbox (badness 10000) in paragraph at lines 1566--1663

 []


Underfull \hbox (badness 10000) in paragraph at lines 1566--1663

 []


Underfull \hbox (badness 10000) in paragraph at lines 1566--1663

 []


Underfull \hbox (badness 10000) in paragraph at lines 1566--1663

 []


Underfull \hbox (badness 10000) in paragraph at lines 1566--1663

 []


Overfull \hbox (18.87622pt too wide) in paragraph at lines 1566--1663
\OT1/cmr/m/n/10 Aso-cia-ci^^Son Pro-gra-mo Er-go Sum web-si-te: https://www.pro
gramoergosum.com/cursos-online/raspberry-
 []


Underfull \hbox (badness 10000) in paragraph at lines 1566--1663

 []


Underfull \hbox (badness 10000) in paragraph at lines 1566--1663

 []


Overfull \hbox (29.34741pt too wide) in paragraph at lines 1566--1663
\OT1/cmr/m/n/10 Dexter In-dus-tries (2018). 5.1. \OT1/cmr/m/it/10 About li-brar
y and Hard-wa-re\OT1/cmr/m/n/10 . https://gopigo3.readthedocs.io/en/master/api-

 []


Underfull \hbox (badness 10000) in paragraph at lines 1566--1663

 []


Overfull \hbox (57.8411pt too wide) in paragraph at lines 1566--1663
\OT1/cmr/m/n/10 Dinahosting (s.f.). \OT1/cmr/m/it/10 ?`Qu^^Se es cron y pa-ra q
u^^Se sir-ve? - Ayu-da de di-nahos-ting\OT1/cmr/m/n/10 . https://dinahosting.co
m/ayuda/como-
 []


Underfull \hbox (badness 10000) in paragraph at lines 1566--1663

 []


Overfull \hbox (21.07071pt too wide) in paragraph at lines 1566--1663
\OT1/cmr/m/n/10 Egu^^S^^Pluz, J. (2009). In-tro-duc-ci^^Son a Ja-vaS-cript. Re-
cu-pe-ra-do de https://uniwebsidad.com/libros/javascript 
 []


Underfull \hbox (badness 10000) in paragraph at lines 1566--1663

 []


Overfull \hbox (125.91997pt too wide) in paragraph at lines 1566--1663
\OT1/cmr/m/n/10 di-ciem-bre de 2013). Rasp-berry Pi. \OT1/cmr/m/it/10 His-to-ri
a de la In-form^^Sati-ca\OT1/cmr/m/n/10 . Re-cu-pe-ra-do de https://histinf.blo
gs.upv.es/2013/12/18/raspberry-
 []


Underfull \hbox (badness 10000) in paragraph at lines 1566--1663

 []


Underfull \hbox (badness 10000) in paragraph at lines 1566--1663

 []


Underfull \hbox (badness 10000) in paragraph at lines 1566--1663

 []


Overfull \hbox (202.91486pt too wide) in paragraph at lines 1566--1663
\OT1/cmr/m/n/10 Holovaty, A.; Kaplan-Moss, J. (2007). \OT1/cmr/m/it/10 El li-br
o de Djan-go\OT1/cmr/m/n/10 . Re-cu-pe-ra-do de http://bibing.us.es/proyectos/a
breproy/12051/fichero/libros$ $%252Flibro-
 []


Underfull \hbox (badness 10000) in paragraph at lines 1566--1663

 []


Underfull \hbox (badness 10000) in paragraph at lines 1566--1663

 []


Underfull \hbox (badness 10000) in paragraph at lines 1566--1663

 []


Underfull \hbox (badness 10000) in paragraph at lines 1566--1663

 []


Underfull \hbox (badness 10000) in paragraph at lines 1566--1663

 []


Underfull \hbox (badness 10000) in paragraph at lines 1566--1663

 []


Underfull \hbox (badness 10000) in paragraph at lines 1566--1663

 []


Underfull \hbox (badness 10000) in paragraph at lines 1566--1663

 []


Overfull \hbox (110.87524pt too wide) in paragraph at lines 1566--1663
\OT1/cmr/m/n/10 Rodr^^S^^Pguez, X. (21 de agos-to de 2019). \OT1/cmr/m/it/10 Dj
an-go vs Flask. Open-we-bi-nars\OT1/cmr/m/n/10 . Re-cu-pe-ra-do de https://open
webinars.net/blog/django-
 []


Underfull \hbox (badness 10000) in paragraph at lines 1566--1663

 []


Underfull \hbox (badness 10000) in paragraph at lines 1566--1663

 []


Underfull \hbox (badness 10000) in paragraph at lines 1566--1663

 []


Underfull \hbox (badness 10000) in paragraph at lines 1566--1663

 []


Underfull \hbox (badness 10000) in paragraph at lines 1566--1663

 []


Overfull \hbox (150.98512pt too wide) in paragraph at lines 1566--1663
\OT1/cmr/m/n/10 SO Do-cu-men-ta-tion (s.f.). \OT1/cmr/m/it/10 PyIns-ta-ller - D
is-tri-buir c^^Sodi-go de Python\OT1/cmr/m/n/10 . https://sodocumentation.net/e
s/python/topic/2289/pyinstaller---
 []


Underfull \hbox (badness 10000) in paragraph at lines 1566--1663

 []


Overfull \hbox (96.00134pt too wide) in paragraph at lines 1566--1663
\OT1/cmr/m/n/10 Valladares, D. (18 de di-ciem-bre de 2019). My blog. My TFG's b
log. Re-cu-pe-ra-do de https://roboticslaburjc.github.io/2019-
 []


Underfull \hbox (badness 10000) in paragraph at lines 1566--1663

 []


Underfull \hbox (badness 10000) in paragraph at lines 1566--1663

 []


Underfull \hbox (badness 10000) in paragraph at lines 1566--1663

 []


Underfull \hbox (badness 10000) in paragraph at lines 1566--1663

 []


Underfull \hbox (badness 10000) in paragraph at lines 1566--1663

 []


Overfull \hbox (149.18642pt too wide) in paragraph at lines 1566--1663
\OT1/cmr/m/n/10 Zaforas, M. (2018). \OT1/cmr/m/it/10 ?`Es Python el len-gua-je 
del fu-tu-ro?\OT1/cmr/m/n/10 . Pa-ra-dig-ma Di-gi-tal. Re-cu-pe-ra-do de https:
//www.paradigmadigital.com/dev/es-
 []

[65

] [66]
Package atveryend Info: Empty hook `BeforeClearDocument' on input line 1663.
 [67]
Package atveryend Info: Empty hook `AfterLastShipout' on input line 1663.
 (./memoria.aux
LaTeX Info: Redefining \. on input line 24.
LaTeX Info: Redefining \% on input line 24.
)
Package atveryend Info: Executing hook `AtVeryEndDocument' on input line 1663.
Package atveryend Info: Executing hook `AtEndAfterFileList' on input line 1663.

Package rerunfilecheck Info: File `memoria.out' has not changed.
(rerunfilecheck)             Checksum: 0EF1F33879C9E6E0523E1471000E037D;4627.


LaTeX Warning: There were multiply-defined labels.

Package atveryend Info: Empty hook `AtVeryVeryEnd' on input line 1663.
 ) 
Here is how much of TeX's memory you used:
 10112 strings out of 480608
 157839 string characters out of 5903630
 531372 words of memory out of 5000000
 25157 multiletter control sequences out of 15000+600000
 539797 words of font info for 50 fonts, out of 8000000 for 9000
 1141 hyphenation exceptions out of 8191
 41i,8n,42p,1204b,1956s stack positions out of 5000i,500n,10000p,200000b,80000s
{/usr/local/texlive/2020/texmf-dist/fonts/enc/dvips/cm-super/cm-super-ts1.enc
}</usr/local/texlive/2020/texmf-dist/fonts/type1/public/amsfonts/cm/cmbx10.pfb>
</usr/local/texlive/2020/texmf-dist/fonts/type1/public/amsfonts/cm/cmbx12.pfb><
/usr/local/texlive/2020/texmf-dist/fonts/type1/public/amsfonts/cm/cmbxti10.pfb>
</usr/local/texlive/2020/texmf-dist/fonts/type1/public/amsfonts/cm/cmcsc10.pfb>
</usr/local/texlive/2020/texmf-dist/fonts/type1/public/amsfonts/cm/cmitt10.pfb>
</usr/local/texlive/2020/texmf-dist/fonts/type1/public/amsfonts/cm/cmmi10.pfb><
/usr/local/texlive/2020/texmf-dist/fonts/type1/public/amsfonts/cm/cmr10.pfb></u
sr/local/texlive/2020/texmf-dist/fonts/type1/public/amsfonts/cm/cmr12.pfb></usr
/local/texlive/2020/texmf-dist/fonts/type1/public/amsfonts/cm/cmr6.pfb></usr/lo
cal/texlive/2020/texmf-dist/fonts/type1/public/amsfonts/cm/cmr7.pfb></usr/local
/texlive/2020/texmf-dist/fonts/type1/public/amsfonts/cm/cmsy10.pfb></usr/local/
texlive/2020/texmf-dist/fonts/type1/public/amsfonts/cm/cmti10.pfb></usr/local/t
exlive/2020/texmf-dist/fonts/type1/public/amsfonts/cm/cmti12.pfb></usr/local/te
xlive/2020/texmf-dist/fonts/type1/public/amsfonts/cm/cmtt10.pfb></usr/local/tex
live/2020/texmf-dist/fonts/type1/public/amsfonts/cm/cmtt8.pfb></usr/local/texli
ve/2020/texmf-dist/fonts/type1/public/amsfonts/latxfont/lasy10.pfb></usr/local/
texlive/2020/texmf-dist/fonts/type1/public/cm-super/sfrm1000.pfb>
Output written on memoria.pdf (69 pages, 10292967 bytes).
PDF statistics:
 1536 PDF objects out of 1728 (max. 8388607)
 1376 compressed objects within 14 object streams
 672 named destinations out of 1000 (max. 500000)
 719 words of extra memory for PDF output out of 10000 (max. 10000000)

